{"C:\\Users\\USER\\Documents\\projects\\hng\\stage-3\\lib\\auth.ts": {"path":"C:\\Users\\USER\\Documents\\projects\\hng\\stage-3\\lib\\auth.ts","statementMap":{"0":{"start":{"line":4,"column":18},"end":{"line":4,"column":null}},"1":{"start":{"line":5,"column":20},"end":{"line":5,"column":null}},"2":{"start":{"line":14,"column":2},"end":{"line":18,"column":null}},"3":{"start":{"line":15,"column":24},"end":{"line":15,"column":57}},"4":{"start":{"line":16,"column":4},"end":{"line":16,"column":null}},"5":{"start":{"line":18,"column":4},"end":{"line":18,"column":null}},"6":{"start":{"line":28,"column":27},"end":{"line":28,"column":null}},"7":{"start":{"line":29,"column":2},"end":{"line":29,"column":null}},"8":{"start":{"line":36,"column":2},"end":{"line":36,"column":null}},"9":{"start":{"line":46,"column":2},"end":{"line":50,"column":null}},"10":{"start":{"line":47,"column":22},"end":{"line":47,"column":53}},"11":{"start":{"line":48,"column":4},"end":{"line":48,"column":null}},"12":{"start":{"line":50,"column":4},"end":{"line":50,"column":null}},"13":{"start":{"line":61,"column":16},"end":{"line":61,"column":26}},"14":{"start":{"line":63,"column":24},"end":{"line":68,"column":null}},"15":{"start":{"line":70,"column":2},"end":{"line":70,"column":null}},"16":{"start":{"line":71,"column":2},"end":{"line":71,"column":null}},"17":{"start":{"line":73,"column":2},"end":{"line":73,"column":null}},"18":{"start":{"line":82,"column":16},"end":{"line":82,"column":26}},"19":{"start":{"line":83,"column":2},"end":{"line":83,"column":null}},"20":{"start":{"line":83,"column":28},"end":{"line":83,"column":49}}},"fnMap":{"0":{"name":"getSession","decl":{"start":{"line":13,"column":16},"end":{"line":13,"column":45}},"loc":{"start":{"line":13,"column":45},"end":{"line":18,"column":null}},"line":13},"1":{"name":"createSession","decl":{"start":{"line":27,"column":16},"end":{"line":27,"column":30}},"loc":{"start":{"line":27,"column":67},"end":{"line":29,"column":null}},"line":27},"2":{"name":"clearSession","decl":{"start":{"line":35,"column":16},"end":{"line":35,"column":37}},"loc":{"start":{"line":35,"column":37},"end":{"line":36,"column":null}},"line":35},"3":{"name":"getUsers","decl":{"start":{"line":45,"column":16},"end":{"line":45,"column":35}},"loc":{"start":{"line":45,"column":35},"end":{"line":50,"column":null}},"line":45},"4":{"name":"createUser","decl":{"start":{"line":60,"column":16},"end":{"line":60,"column":27}},"loc":{"start":{"line":60,"column":66},"end":{"line":73,"column":null}},"line":60},"5":{"name":"findUserByEmail","decl":{"start":{"line":81,"column":16},"end":{"line":81,"column":32}},"loc":{"start":{"line":81,"column":65},"end":{"line":83,"column":null}},"line":81},"6":{"name":"(anonymous_6)","decl":{"start":{"line":83,"column":15},"end":{"line":83,"column":20}},"loc":{"start":{"line":83,"column":28},"end":{"line":83,"column":49}},"line":83}},"branchMap":{"0":{"loc":{"start":{"line":16,"column":11},"end":{"line":16,"column":null}},"type":"cond-expr","locations":[{"start":{"line":16,"column":25},"end":{"line":16,"column":48}},{"start":{"line":16,"column":51},"end":{"line":16,"column":null}}],"line":16},"1":{"loc":{"start":{"line":48,"column":11},"end":{"line":48,"column":49}},"type":"cond-expr","locations":[{"start":{"line":48,"column":23},"end":{"line":48,"column":44}},{"start":{"line":48,"column":47},"end":{"line":48,"column":49}}],"line":48}},"s":{"0":3,"1":3,"2":6,"3":6,"4":6,"5":1,"6":8,"7":8,"8":2,"9":37,"10":37,"11":37,"12":1,"13":21,"14":21,"15":21,"16":21,"17":21,"18":7,"19":7,"20":10},"f":{"0":6,"1":8,"2":2,"3":37,"4":21,"5":7,"6":10},"b":{"0":[4,2],"1":[23,14]},"meta":{"lastBranch":2,"lastFunction":7,"lastStatement":21,"seen":{"s:4:18:4:Infinity":0,"s:5:20:5:Infinity":1,"f:13:16:13:45":0,"s:14:2:18:Infinity":2,"s:15:24:15:57":3,"s:16:4:16:Infinity":4,"b:16:25:16:48:16:51:16:Infinity":0,"s:18:4:18:Infinity":5,"f:27:16:27:30":1,"s:28:27:28:Infinity":6,"s:29:2:29:Infinity":7,"f:35:16:35:37":2,"s:36:2:36:Infinity":8,"f:45:16:45:35":3,"s:46:2:50:Infinity":9,"s:47:22:47:53":10,"s:48:4:48:Infinity":11,"b:48:23:48:44:48:47:48:49":1,"s:50:4:50:Infinity":12,"f:60:16:60:27":4,"s:61:16:61:26":13,"s:63:24:68:Infinity":14,"s:70:2:70:Infinity":15,"s:71:2:71:Infinity":16,"s:73:2:73:Infinity":17,"f:81:16:81:32":5,"s:82:16:82:26":18,"s:83:2:83:Infinity":19,"f:83:15:83:20":6,"s:83:28:83:49":20}}}
,"C:\\Users\\USER\\Documents\\projects\\hng\\stage-3\\lib\\habits.ts": {"path":"C:\\Users\\USER\\Documents\\projects\\hng\\stage-3\\lib\\habits.ts","statementMap":{"0":{"start":{"line":8,"column":2},"end":{"line":13,"column":null}},"1":{"start":{"line":25,"column":18},"end":{"line":25,"column":29}},"2":{"start":{"line":27,"column":2},"end":{"line":32,"column":null}},"3":{"start":{"line":28,"column":4},"end":{"line":32,"column":null}},"4":{"start":{"line":35,"column":2},"end":{"line":40,"column":null}},"5":{"start":{"line":36,"column":4},"end":{"line":40,"column":null}},"6":{"start":{"line":43,"column":2},"end":{"line":47,"column":null}},"7":{"start":{"line":55,"column":20},"end":{"line":55,"column":null}},"8":{"start":{"line":58,"column":22},"end":{"line":58,"column":61}},"9":{"start":{"line":61,"column":2},"end":{"line":62,"column":null}},"10":{"start":{"line":62,"column":4},"end":{"line":62,"column":null}},"11":{"start":{"line":66,"column":15},"end":{"line":66,"column":null}},"12":{"start":{"line":67,"column":20},"end":{"line":67,"column":49}},"13":{"start":{"line":69,"column":2},"end":{"line":77,"column":null}},"14":{"start":{"line":69,"column":15},"end":{"line":69,"column":20}},"15":{"start":{"line":70,"column":22},"end":{"line":72,"column":null}},"16":{"start":{"line":74,"column":4},"end":{"line":77,"column":null}},"17":{"start":{"line":75,"column":6},"end":{"line":75,"column":null}},"18":{"start":{"line":77,"column":6},"end":{"line":77,"column":null}},"19":{"start":{"line":81,"column":2},"end":{"line":81,"column":null}},"20":{"start":{"line":89,"column":22},"end":{"line":89,"column":44}},"21":{"start":{"line":90,"column":16},"end":{"line":90,"column":41}},"22":{"start":{"line":92,"column":2},"end":{"line":97,"column":null}},"23":{"start":{"line":94,"column":4},"end":{"line":94,"column":null}},"24":{"start":{"line":97,"column":4},"end":{"line":97,"column":null}},"25":{"start":{"line":101,"column":2},"end":{"line":104,"column":null}},"26":{"start":{"line":112,"column":2},"end":{"line":112,"column":null}},"27":{"start":{"line":112,"column":37},"end":{"line":112,"column":null}},"28":{"start":{"line":114,"column":17},"end":{"line":114,"column":61}},"29":{"start":{"line":115,"column":26},"end":{"line":115,"column":58}},"30":{"start":{"line":117,"column":2},"end":{"line":118,"column":null}},"31":{"start":{"line":118,"column":4},"end":{"line":118,"column":null}},"32":{"start":{"line":118,"column":34},"end":{"line":118,"column":58}},"33":{"start":{"line":121,"column":2},"end":{"line":121,"column":null}},"34":{"start":{"line":129,"column":2},"end":{"line":129,"column":null}},"35":{"start":{"line":129,"column":37},"end":{"line":129,"column":null}},"36":{"start":{"line":131,"column":17},"end":{"line":131,"column":28}},"37":{"start":{"line":132,"column":24},"end":{"line":132,"column":64}},"38":{"start":{"line":132,"column":46},"end":{"line":132,"column":64}},"39":{"start":{"line":134,"column":2},"end":{"line":139,"column":null}},"40":{"start":{"line":136,"column":4},"end":{"line":136,"column":null}},"41":{"start":{"line":139,"column":4},"end":{"line":139,"column":null}},"42":{"start":{"line":142,"column":2},"end":{"line":142,"column":null}},"43":{"start":{"line":150,"column":2},"end":{"line":150,"column":null}},"44":{"start":{"line":150,"column":37},"end":{"line":150,"column":null}},"45":{"start":{"line":152,"column":17},"end":{"line":152,"column":28}},"46":{"start":{"line":153,"column":19},"end":{"line":153,"column":55}},"47":{"start":{"line":153,"column":38},"end":{"line":153,"column":55}},"48":{"start":{"line":155,"column":2},"end":{"line":155,"column":null}}},"fnMap":{"0":{"name":"getHabitSlug","decl":{"start":{"line":7,"column":16},"end":{"line":7,"column":29}},"loc":{"start":{"line":7,"column":51},"end":{"line":13,"column":null}},"line":7},"1":{"name":"validateHabitName","decl":{"start":{"line":20,"column":16},"end":{"line":20,"column":34}},"loc":{"start":{"line":24,"column":2},"end":{"line":47,"column":null}},"line":24},"2":{"name":"calculateCurrentStreak","decl":{"start":{"line":54,"column":16},"end":{"line":54,"column":39}},"loc":{"start":{"line":54,"column":86},"end":{"line":81,"column":null}},"line":54},"3":{"name":"toggleHabitCompletion","decl":{"start":{"line":88,"column":16},"end":{"line":88,"column":38}},"loc":{"start":{"line":88,"column":73},"end":{"line":104,"column":null}},"line":88},"4":{"name":"getHabits","decl":{"start":{"line":111,"column":16},"end":{"line":111,"column":26}},"loc":{"start":{"line":111,"column":52},"end":{"line":121,"column":null}},"line":111},"5":{"name":"(anonymous_5)","decl":{"start":{"line":118,"column":18},"end":{"line":118,"column":25}},"loc":{"start":{"line":118,"column":34},"end":{"line":118,"column":58}},"line":118},"6":{"name":"saveHabit","decl":{"start":{"line":128,"column":16},"end":{"line":128,"column":26}},"loc":{"start":{"line":128,"column":46},"end":{"line":142,"column":null}},"line":128},"7":{"name":"(anonymous_7)","decl":{"start":{"line":132,"column":31},"end":{"line":132,"column":41}},"loc":{"start":{"line":132,"column":46},"end":{"line":132,"column":64}},"line":132},"8":{"name":"deleteHabit","decl":{"start":{"line":149,"column":16},"end":{"line":149,"column":28}},"loc":{"start":{"line":149,"column":51},"end":{"line":155,"column":null}},"line":149},"9":{"name":"(anonymous_9)","decl":{"start":{"line":153,"column":26},"end":{"line":153,"column":33}},"loc":{"start":{"line":153,"column":38},"end":{"line":153,"column":55}},"line":153}},"branchMap":{"0":{"loc":{"start":{"line":27,"column":2},"end":{"line":32,"column":null}},"type":"if","locations":[{"start":{"line":27,"column":2},"end":{"line":32,"column":null}},{"start":{},"end":{}}],"line":27},"1":{"loc":{"start":{"line":35,"column":2},"end":{"line":40,"column":null}},"type":"if","locations":[{"start":{"line":35,"column":2},"end":{"line":40,"column":null}},{"start":{},"end":{}}],"line":35},"2":{"loc":{"start":{"line":55,"column":20},"end":{"line":55,"column":null}},"type":"binary-expr","locations":[{"start":{"line":55,"column":20},"end":{"line":55,"column":29}},{"start":{"line":55,"column":29},"end":{"line":55,"column":null}}],"line":55},"3":{"loc":{"start":{"line":61,"column":2},"end":{"line":62,"column":null}},"type":"if","locations":[{"start":{"line":61,"column":2},"end":{"line":62,"column":null}},{"start":{},"end":{}}],"line":61},"4":{"loc":{"start":{"line":74,"column":4},"end":{"line":77,"column":null}},"type":"if","locations":[{"start":{"line":74,"column":4},"end":{"line":77,"column":null}},{"start":{"line":76,"column":11},"end":{"line":77,"column":null}}],"line":74},"5":{"loc":{"start":{"line":92,"column":2},"end":{"line":97,"column":null}},"type":"if","locations":[{"start":{"line":92,"column":2},"end":{"line":97,"column":null}},{"start":{"line":95,"column":9},"end":{"line":97,"column":null}}],"line":92},"6":{"loc":{"start":{"line":112,"column":2},"end":{"line":112,"column":null}},"type":"if","locations":[{"start":{"line":112,"column":2},"end":{"line":112,"column":null}},{"start":{},"end":{}}],"line":112},"7":{"loc":{"start":{"line":115,"column":26},"end":{"line":115,"column":58}},"type":"cond-expr","locations":[{"start":{"line":115,"column":35},"end":{"line":115,"column":53}},{"start":{"line":115,"column":56},"end":{"line":115,"column":58}}],"line":115},"8":{"loc":{"start":{"line":117,"column":2},"end":{"line":118,"column":null}},"type":"if","locations":[{"start":{"line":117,"column":2},"end":{"line":118,"column":null}},{"start":{},"end":{}}],"line":117},"9":{"loc":{"start":{"line":129,"column":2},"end":{"line":129,"column":null}},"type":"if","locations":[{"start":{"line":129,"column":2},"end":{"line":129,"column":null}},{"start":{},"end":{}}],"line":129},"10":{"loc":{"start":{"line":134,"column":2},"end":{"line":139,"column":null}},"type":"if","locations":[{"start":{"line":134,"column":2},"end":{"line":139,"column":null}},{"start":{"line":137,"column":9},"end":{"line":139,"column":null}}],"line":134},"11":{"loc":{"start":{"line":150,"column":2},"end":{"line":150,"column":null}},"type":"if","locations":[{"start":{"line":150,"column":2},"end":{"line":150,"column":null}},{"start":{},"end":{}}],"line":150}},"s":{"0":20,"1":12,"2":12,"3":4,"4":8,"5":3,"6":5,"7":15,"8":15,"9":15,"10":6,"11":9,"12":9,"13":9,"14":9,"15":27,"16":27,"17":18,"18":9,"19":9,"20":6,"21":6,"22":6,"23":2,"24":4,"25":6,"26":22,"27":0,"28":22,"29":22,"30":22,"31":1,"32":3,"33":21,"34":10,"35":0,"36":10,"37":10,"38":4,"39":10,"40":2,"41":8,"42":10,"43":3,"44":0,"45":3,"46":3,"47":4,"48":3},"f":{"0":20,"1":12,"2":15,"3":6,"4":22,"5":3,"6":10,"7":4,"8":3,"9":4},"b":{"0":[4,8],"1":[3,5],"2":[15,7],"3":[6,9],"4":[18,9],"5":[2,4],"6":[0,22],"7":[15,7],"8":[1,21],"9":[0,10],"10":[2,8],"11":[0,3]},"meta":{"lastBranch":12,"lastFunction":10,"lastStatement":49,"seen":{"f:7:16:7:29":0,"s:8:2:13:Infinity":0,"f:20:16:20:34":1,"s:25:18:25:29":1,"b:27:2:32:Infinity:undefined:undefined:undefined:undefined":0,"s:27:2:32:Infinity":2,"s:28:4:32:Infinity":3,"b:35:2:40:Infinity:undefined:undefined:undefined:undefined":1,"s:35:2:40:Infinity":4,"s:36:4:40:Infinity":5,"s:43:2:47:Infinity":6,"f:54:16:54:39":2,"s:55:20:55:Infinity":7,"b:55:20:55:29:55:29:55:Infinity":2,"s:58:22:58:61":8,"b:61:2:62:Infinity:undefined:undefined:undefined:undefined":3,"s:61:2:62:Infinity":9,"s:62:4:62:Infinity":10,"s:66:15:66:Infinity":11,"s:67:20:67:49":12,"s:69:2:77:Infinity":13,"s:69:15:69:20":14,"s:70:22:72:Infinity":15,"b:74:4:77:Infinity:76:11:77:Infinity":4,"s:74:4:77:Infinity":16,"s:75:6:75:Infinity":17,"s:77:6:77:Infinity":18,"s:81:2:81:Infinity":19,"f:88:16:88:38":3,"s:89:22:89:44":20,"s:90:16:90:41":21,"b:92:2:97:Infinity:95:9:97:Infinity":5,"s:92:2:97:Infinity":22,"s:94:4:94:Infinity":23,"s:97:4:97:Infinity":24,"s:101:2:104:Infinity":25,"f:111:16:111:26":4,"b:112:2:112:Infinity:undefined:undefined:undefined:undefined":6,"s:112:2:112:Infinity":26,"s:112:37:112:Infinity":27,"s:114:17:114:61":28,"s:115:26:115:58":29,"b:115:35:115:53:115:56:115:58":7,"b:117:2:118:Infinity:undefined:undefined:undefined:undefined":8,"s:117:2:118:Infinity":30,"s:118:4:118:Infinity":31,"f:118:18:118:25":5,"s:118:34:118:58":32,"s:121:2:121:Infinity":33,"f:128:16:128:26":6,"b:129:2:129:Infinity:undefined:undefined:undefined:undefined":9,"s:129:2:129:Infinity":34,"s:129:37:129:Infinity":35,"s:131:17:131:28":36,"s:132:24:132:64":37,"f:132:31:132:41":7,"s:132:46:132:64":38,"b:134:2:139:Infinity:137:9:139:Infinity":10,"s:134:2:139:Infinity":39,"s:136:4:136:Infinity":40,"s:139:4:139:Infinity":41,"s:142:2:142:Infinity":42,"f:149:16:149:28":8,"b:150:2:150:Infinity:undefined:undefined:undefined:undefined":11,"s:150:2:150:Infinity":43,"s:150:37:150:Infinity":44,"s:152:17:152:28":45,"s:153:19:153:55":46,"f:153:26:153:33":9,"s:153:38:153:55":47,"s:155:2:155:Infinity":48}}}
}
